<?xml version="1.0" encoding="UTF-8"?>
<!-- Generated by org.testng.reporters.JUnitReportReporter -->
<testsuite hostname="KC-LP099" failures="0" tests="10" name="com.Learning_TestNG.Learning_Excel_File2" time="93.126" errors="0" timestamp="2024-02-02T00:07:22 IST" skipped="0">
  <testcase classname="com.Learning_TestNG.Learning_Excel_File2" name="searchFlipkartTest" time="9.370"/>
  <testcase classname="com.Learning_TestNG.Learning_Excel_File2" name="searchFlipkartTest" time="10.651"/>
  <testcase classname="com.Learning_TestNG.Learning_Excel_File2" name="searchFlipkartTest" time="8.649"/>
  <testcase classname="com.Learning_TestNG.Learning_Excel_File2" name="searchFlipkartTest" time="9.514"/>
  <testcase classname="com.Learning_TestNG.Learning_Excel_File2" name="searchFlipkartTest" time="9.179"/>
  <testcase classname="com.Learning_TestNG.Learning_Excel_File2" name="searchFlipkartTest" time="8.957"/>
  <testcase classname="com.Learning_TestNG.Learning_Excel_File2" name="searchFlipkartTest" time="9.342"/>
  <testcase classname="com.Learning_TestNG.Learning_Excel_File2" name="searchFlipkartTest" time="9.400"/>
  <testcase classname="com.Learning_TestNG.Learning_Excel_File2" name="searchFlipkartTest" time="9.022"/>
  <testcase classname="com.Learning_TestNG.Learning_Excel_File2" name="searchFlipkartTest" time="9.042"/>
</testsuite> <!-- com.Learning_TestNG.Learning_Excel_File2 -->
