<?xml version="1.0" encoding="UTF-8"?>
<!-- Generated by org.testng.reporters.JUnitReportReporter -->
<testsuite hostname="KC-LP099" failures="0" tests="1" name="com.testScripts.TC002_AddtoCard" time="13.424" errors="0" timestamp="2024-01-27T11:36:02 IST" skipped="0">
  <testcase classname="com.testScripts.TC002_AddtoCard" name="addToCardTest" time="13.424">
    <system-out>
      <![CDATA[Element is present.....]]>
    </system-out>
  </testcase> <!-- addToCardTest -->
  <system-out>
    <![CDATA[Element is present.....]]>
  </system-out>
</testsuite> <!-- com.testScripts.TC002_AddtoCard -->
