<?xml version="1.0" encoding="UTF-8"?>
<!-- Generated by org.testng.reporters.JUnitReportReporter -->
<testsuite hostname="KC-LP099" failures="0" tests="1" name="com.Learning_TestNG.First_TestNG" time="0.016" errors="0" timestamp="2024-01-20T12:31:32 IST" skipped="0">
  <testcase classname="com.Learning_TestNG.First_TestNG" name="loginTest" time="0.016"/>
  <system-out>
    <![CDATA[Executing Login Test Case]]>
  </system-out>
</testsuite> <!-- com.Learning_TestNG.First_TestNG -->
