<?xml version="1.0" encoding="UTF-8"?>
<!-- Generated by org.testng.reporters.JUnitReportReporter -->
<testsuite hostname="KC-LP099" failures="0" tests="3" name="com.Learning_TestNG.Learning_Priority_Attribute" time="0.019" errors="0" timestamp="2024-01-20T13:19:35 IST" skipped="0">
  <testcase classname="com.Learning_TestNG.Learning_Priority_Attribute" name="RegisterTest" time="0.015"/>
  <system-out>
    <![CDATA[Executing Login Test Case]]>
  </system-out>
  <testcase classname="com.Learning_TestNG.Learning_Priority_Attribute" name="loginTest" time="0.002"/>
  <system-out>
    <![CDATA[Executing Login Test Case]]>
  </system-out>
  <testcase classname="com.Learning_TestNG.Learning_Priority_Attribute" name="SearchTest" time="0.002"/>
  <system-out>
    <![CDATA[Executing Login Test Case]]>
  </system-out>
</testsuite> <!-- com.Learning_TestNG.Learning_Priority_Attribute -->
