<?xml version="1.0" encoding="UTF-8"?>
<!-- Generated by org.testng.reporters.JUnitReportReporter -->
<testsuite hostname="KC-LP099" failures="0" tests="1" name="com.testScripts.TC001_SearchText" time="7.865" errors="0" timestamp="2024-03-09T00:31:44 IST" skipped="0">
  <testcase classname="com.testScripts.TC001_SearchText" name="searchTest" time="7.865"/>
</testsuite> <!-- com.testScripts.TC001_SearchText -->
