<?xml version="1.0" encoding="UTF-8"?>
<!-- Generated by org.testng.reporters.JUnitReportReporter -->
<testsuite hostname="KC-LP099" failures="0" tests="1" name="com.Learning_TestNG.Learning_ExtentReport" time="11.775" errors="0" timestamp="2024-02-03T13:04:16 IST" skipped="0">
  <testcase classname="com.Learning_TestNG.Learning_ExtentReport" name="loginText" time="11.775"/>
</testsuite> <!-- com.Learning_TestNG.Learning_ExtentReport -->
