<?xml version="1.0" encoding="UTF-8"?>
<!-- Generated by org.testng.reporters.JUnitReportReporter -->
<testsuite hostname="KC-LP099" failures="0" tests="1" name="com.Learning_TestNG.Learning_Excel_File" time="16.220" errors="0" timestamp="2024-02-02T00:04:22 IST" skipped="0">
  <testcase classname="com.Learning_TestNG.Learning_Excel_File" name="registerTest" time="16.220"/>
</testsuite> <!-- com.Learning_TestNG.Learning_Excel_File -->
