<?xml version="1.0" encoding="UTF-8"?>
<!-- Generated by org.testng.reporters.JUnitReportReporter -->
<testsuite hostname="KC-LP099" failures="0" tests="1" name="com.Learning_TestNG.Learning_POM_Classes" time="13.800" errors="0" timestamp="2024-02-03T11:43:23 IST" skipped="0">
  <testcase classname="com.Learning_TestNG.Learning_POM_Classes" name="loginTest" time="13.800"/>
</testsuite> <!-- com.Learning_TestNG.Learning_POM_Classes -->
