<?xml version="1.0" encoding="UTF-8"?>
<!-- Generated by org.testng.reporters.JUnitReportReporter -->
<testsuite hostname="KC-LP099" failures="0" tests="1" name="com.Learning_TestNG.Learning_Configuration_Annotation" time="0.011" errors="0" timestamp="2024-01-20T14:18:48 IST" skipped="0">
  <testcase classname="com.Learning_TestNG.Learning_Configuration_Annotation" name="loginTest" time="0.011">
    <system-out>
      <![CDATA[Executing Login Test Case]]>
    </system-out>
  </testcase> <!-- loginTest -->
  <system-out>
    <![CDATA[Executing After Method..
Executing Before Suite..
Executing Before Test..
Executing Before Method..
Executing Login Test Case
Executing After Class..
Executing After Test..
Executing After Suite..]]>
  </system-out>
</testsuite> <!-- com.Learning_TestNG.Learning_Configuration_Annotation -->
