<?xml version="1.0" encoding="UTF-8"?>
<!-- Generated by org.testng.reporters.JUnitReportReporter -->
<testsuite hostname="KC-LP099" failures="0" tests="2" name="com.testScripts.TC003_RemoveFromCart" time="24.814" errors="0" timestamp="2024-01-27T11:37:11 IST" skipped="0">
  <testcase classname="com.testScripts.TC003_RemoveFromCart" name="removeFromCartTest" time="13.063">
    <system-out>
      <![CDATA[Element is present....]]>
    </system-out>
  </testcase> <!-- removeFromCartTest -->
  <testcase classname="com.testScripts.TC003_RemoveFromCart" name="addToCardTest" time="11.751">
    <system-out>
      <![CDATA[Element is present.....]]>
    </system-out>
  </testcase> <!-- addToCardTest -->
  <system-out>
    <![CDATA[Element is present.....
Element is present....]]>
  </system-out>
</testsuite> <!-- com.testScripts.TC003_RemoveFromCart -->
